2026-02-17 15:30:21.156 -07:00 [INF] DocGrouping starting on 
2026-02-17 15:30:21.267 -07:00 [INF] Now listening on: http://localhost:5100
2026-02-17 15:30:21.269 -07:00 [INF] Application started. Press Ctrl+C to shut down.
2026-02-17 15:30:21.269 -07:00 [INF] Hosting environment: Development
2026-02-17 15:30:21.269 -07:00 [INF] Content root path: C:\Temp\DocGrouping\src\DocGrouping.Web
2026-02-17 15:30:58.822 -07:00 [INF] DocGrouping starting on 
2026-02-17 15:30:58.912 -07:00 [INF] Now listening on: http://localhost:5100
2026-02-17 15:30:58.914 -07:00 [INF] Application started. Press Ctrl+C to shut down.
2026-02-17 15:30:58.914 -07:00 [INF] Hosting environment: Development
2026-02-17 15:30:58.914 -07:00 [INF] Content root path: C:\Temp\DocGrouping\src\DocGrouping.Web
2026-02-17 15:31:01.770 -07:00 [INF] Found 58 files in C:\Temp\Dedupe branch 2\De Dupe Grouping Concept\sample_documents
2026-02-17 15:31:01.772 -07:00 [INF] Ingesting file: assignment_agreement_draft.txt
2026-02-17 15:31:01.932 -07:00 [INF] Ingested document assignment_agreement_draft.txt: 923 words, text_hash=52e7c8af10f3d5d1
2026-02-17 15:31:01.932 -07:00 [INF] Ingesting file: assignment_agreement_exact_copy.txt
2026-02-17 15:31:01.939 -07:00 [INF] Ingested document assignment_agreement_exact_copy.txt: 953 words, text_hash=671ce28fc42d8747
2026-02-17 15:31:01.939 -07:00 [INF] Ingesting file: assignment_agreement_final.txt
2026-02-17 15:31:01.944 -07:00 [INF] Ingested document assignment_agreement_final.txt: 958 words, text_hash=2e985da60676aa20
2026-02-17 15:31:01.944 -07:00 [INF] Ingesting file: assignment_agreement_multi_stamps.txt
2026-02-17 15:31:01.950 -07:00 [INF] Ingested document assignment_agreement_multi_stamps.txt: 992 words, text_hash=a75b302e998d7d7e
2026-02-17 15:31:01.951 -07:00 [INF] Ingesting file: assignment_agreement_original.txt
2026-02-17 15:31:01.955 -07:00 [INF] Ingested document assignment_agreement_original.txt: 953 words, text_hash=671ce28fc42d8747
2026-02-17 15:31:01.955 -07:00 [INF] Ingesting file: assignment_agreement_poor_ocr.txt
2026-02-17 15:31:01.962 -07:00 [INF] Ingested document assignment_agreement_poor_ocr.txt: 953 words, text_hash=0f328c470a848f69
2026-02-17 15:31:01.962 -07:00 [INF] Ingesting file: assignment_set4_variation_1.txt
2026-02-17 15:31:01.966 -07:00 [INF] Ingested document assignment_set4_variation_1.txt: 453 words, text_hash=b2dd384f3ba2877d
2026-02-17 15:31:01.966 -07:00 [INF] Ingesting file: assignment_set4_variation_2.txt
2026-02-17 15:31:01.973 -07:00 [INF] Ingested document assignment_set4_variation_2.txt: 451 words, text_hash=6437bdf94434b644
2026-02-17 15:31:01.973 -07:00 [INF] Ingesting file: assignment_set4_variation_3.txt
2026-02-17 15:31:01.977 -07:00 [INF] Ingested document assignment_set4_variation_3.txt: 451 words, text_hash=e0bcaaa34f7edce4
2026-02-17 15:31:01.977 -07:00 [INF] Ingesting file: assignment_set4_variation_4.txt
2026-02-17 15:31:01.981 -07:00 [INF] Ingested document assignment_set4_variation_4.txt: 451 words, text_hash=8a1d76c8fb0c3837
2026-02-17 15:31:01.981 -07:00 [INF] Ingesting file: assignment_set4_variation_5.txt
2026-02-17 15:31:01.986 -07:00 [INF] Ingested document assignment_set4_variation_5.txt: 453 words, text_hash=0ad722980f09b2da
2026-02-17 15:31:01.986 -07:00 [INF] Ingesting file: assignment_set4_variation_6.txt
2026-02-17 15:31:01.990 -07:00 [INF] Ingested document assignment_set4_variation_6.txt: 451 words, text_hash=fdade7ba6bd80bcf
2026-02-17 15:31:01.990 -07:00 [INF] Ingesting file: environmental_report_confidential.txt
2026-02-17 15:31:01.994 -07:00 [INF] Ingested document environmental_report_confidential.txt: 784 words, text_hash=ab137c9a3afa034e
2026-02-17 15:31:01.994 -07:00 [INF] Ingesting file: environmental_report_original.txt
2026-02-17 15:31:01.999 -07:00 [INF] Ingested document environmental_report_original.txt: 755 words, text_hash=dc3edddebfd93359
2026-02-17 15:31:01.999 -07:00 [INF] Ingesting file: environmental_report_pages.txt
2026-02-17 15:31:02.004 -07:00 [INF] Ingested document environmental_report_pages.txt: 755 words, text_hash=dc3edddebfd93359
2026-02-17 15:31:02.004 -07:00 [INF] Ingesting file: environmental_report_partial.txt
2026-02-17 15:31:02.011 -07:00 [INF] Ingested document environmental_report_partial.txt: 363 words, text_hash=1da0dc82f98a412c
2026-02-17 15:31:02.011 -07:00 [INF] Ingesting file: environmental_report_redacted.txt
2026-02-17 15:31:02.015 -07:00 [INF] Ingested document environmental_report_redacted.txt: 729 words, text_hash=5b2da22aadab9a07
2026-02-17 15:31:02.015 -07:00 [INF] Ingesting file: environmental_set2_variation_1.txt
2026-02-17 15:31:02.022 -07:00 [INF] Ingested document environmental_set2_variation_1.txt: 630 words, text_hash=4b7a7ff78f450139
2026-02-17 15:31:02.022 -07:00 [INF] Ingesting file: environmental_set2_variation_2.txt
2026-02-17 15:31:02.027 -07:00 [INF] Ingested document environmental_set2_variation_2.txt: 635 words, text_hash=772bc98960755b20
2026-02-17 15:31:02.027 -07:00 [INF] Ingesting file: environmental_set2_variation_3.txt
2026-02-17 15:31:02.034 -07:00 [INF] Ingested document environmental_set2_variation_3.txt: 629 words, text_hash=10fca4290974407a
2026-02-17 15:31:02.034 -07:00 [INF] Ingesting file: environmental_set2_variation_4.txt
2026-02-17 15:31:02.038 -07:00 [INF] Ingested document environmental_set2_variation_4.txt: 629 words, text_hash=58de532fe8aab14a
2026-02-17 15:31:02.038 -07:00 [INF] Ingesting file: lease_agreement_copy.txt
2026-02-17 15:31:02.042 -07:00 [INF] Ingested document lease_agreement_copy.txt: 340 words, text_hash=428af6c9d485f8b0
2026-02-17 15:31:02.042 -07:00 [INF] Ingesting file: lease_agreement_original.txt
2026-02-17 15:31:02.047 -07:00 [INF] Ingested document lease_agreement_original.txt: 340 words, text_hash=428af6c9d485f8b0
2026-02-17 15:31:02.047 -07:00 [INF] Ingesting file: lease_agreement_rescanned.txt
2026-02-17 15:31:02.050 -07:00 [INF] Ingested document lease_agreement_rescanned.txt: 340 words, text_hash=48065747299547fb
2026-02-17 15:31:02.050 -07:00 [INF] Ingesting file: lease_agreement_stamped.txt
2026-02-17 15:31:02.057 -07:00 [INF] Ingested document lease_agreement_stamped.txt: 348 words, text_hash=ed9a8a0e40ae8080
2026-02-17 15:31:02.057 -07:00 [INF] Ingesting file: lease_set1_variation_1.txt
2026-02-17 15:31:02.061 -07:00 [INF] Ingested document lease_set1_variation_1.txt: 537 words, text_hash=8134f497f46af76d
2026-02-17 15:31:02.061 -07:00 [INF] Ingesting file: lease_set1_variation_2.txt
2026-02-17 15:31:02.065 -07:00 [INF] Ingested document lease_set1_variation_2.txt: 537 words, text_hash=d436d52689736563
2026-02-17 15:31:02.065 -07:00 [INF] Ingesting file: lease_set1_variation_3.txt
2026-02-17 15:31:02.070 -07:00 [INF] Ingested document lease_set1_variation_3.txt: 537 words, text_hash=a8896d83c03f8def
2026-02-17 15:31:02.070 -07:00 [INF] Ingesting file: lease_set1_variation_4.txt
2026-02-17 15:31:02.074 -07:00 [INF] Ingested document lease_set1_variation_4.txt: 537 words, text_hash=af83c34b9107d747
2026-02-17 15:31:02.075 -07:00 [INF] Ingesting file: lease_set1_variation_5.txt
2026-02-17 15:31:02.081 -07:00 [INF] Ingested document lease_set1_variation_5.txt: 537 words, text_hash=db7305376f33dcf1
2026-02-17 15:31:02.082 -07:00 [INF] Ingesting file: production_report_combined.txt
2026-02-17 15:31:02.086 -07:00 [INF] Ingested document production_report_combined.txt: 478 words, text_hash=214b3bf43664a30c
2026-02-17 15:31:02.086 -07:00 [INF] Ingesting file: production_report_feb.txt
2026-02-17 15:31:02.090 -07:00 [INF] Ingested document production_report_feb.txt: 412 words, text_hash=a5f4e481af98a466
2026-02-17 15:31:02.090 -07:00 [INF] Ingesting file: production_report_jan_amended.txt
2026-02-17 15:31:02.094 -07:00 [INF] Ingested document production_report_jan_amended.txt: 543 words, text_hash=99124526f1b76d0f
2026-02-17 15:31:02.095 -07:00 [INF] Ingesting file: production_report_jan_rescanned.txt
2026-02-17 15:31:02.098 -07:00 [INF] Ingested document production_report_jan_rescanned.txt: 411 words, text_hash=c6882c302f96939d
2026-02-17 15:31:02.098 -07:00 [INF] Ingesting file: production_report_jan.txt
2026-02-17 15:31:02.105 -07:00 [INF] Ingested document production_report_jan.txt: 411 words, text_hash=fa8ac79fd9a5b1d2
2026-02-17 15:31:02.106 -07:00 [INF] Ingesting file: production_set3_draft_1.txt
2026-02-17 15:31:02.110 -07:00 [INF] Ingested document production_set3_draft_1.txt: 479 words, text_hash=a741088d85a54227
2026-02-17 15:31:02.110 -07:00 [INF] Ingesting file: production_set3_draft_2.txt
2026-02-17 15:31:02.114 -07:00 [INF] Ingested document production_set3_draft_2.txt: 479 words, text_hash=f66ce60961e6d832
2026-02-17 15:31:02.114 -07:00 [INF] Ingesting file: production_set3_final_1.txt
2026-02-17 15:31:02.119 -07:00 [INF] Ingested document production_set3_final_1.txt: 477 words, text_hash=ebd45c89fa9fc7a1
2026-02-17 15:31:02.119 -07:00 [INF] Ingesting file: production_set3_final_2.txt
2026-02-17 15:31:02.123 -07:00 [INF] Ingested document production_set3_final_2.txt: 477 words, text_hash=c3f049eca81e2cca
2026-02-17 15:31:02.123 -07:00 [INF] Ingesting file: README.txt
2026-02-17 15:31:02.130 -07:00 [INF] Ingested document README.txt: 448 words, text_hash=725d4982346735fd
2026-02-17 15:31:02.130 -07:00 [INF] Ingesting file: regulatory_filing.txt
2026-02-17 15:31:02.134 -07:00 [INF] Ingested document regulatory_filing.txt: 698 words, text_hash=7bfa3647095ef278
2026-02-17 15:31:02.134 -07:00 [INF] Ingesting file: right_of_way_complete.txt
2026-02-17 15:31:02.142 -07:00 [INF] Ingested document right_of_way_complete.txt: 1201 words, text_hash=5c02906c47727bc6
2026-02-17 15:31:02.142 -07:00 [INF] Ingesting file: right_of_way_extracted.txt
2026-02-17 15:31:02.145 -07:00 [INF] Ingested document right_of_way_extracted.txt: 183 words, text_hash=f11a641d87e5bfa6
2026-02-17 15:31:02.146 -07:00 [INF] Ingesting file: right_of_way_short.txt
2026-02-17 15:31:02.149 -07:00 [INF] Ingested document right_of_way_short.txt: 128 words, text_hash=429db425e799174a
2026-02-17 15:31:02.149 -07:00 [INF] Ingesting file: seismic_data_summary_unique.txt
2026-02-17 15:31:02.154 -07:00 [INF] Ingested document seismic_data_summary_unique.txt: 865 words, text_hash=ee160768dc2175c0
2026-02-17 15:31:02.154 -07:00 [INF] Ingesting file: seismic_data_summary.txt
2026-02-17 15:31:02.159 -07:00 [INF] Ingested document seismic_data_summary.txt: 772 words, text_hash=fbb7982c57618077
2026-02-17 15:31:02.159 -07:00 [INF] Ingesting file: surface_use_agreement_unique.txt
2026-02-17 15:31:02.165 -07:00 [INF] Ingested document surface_use_agreement_unique.txt: 791 words, text_hash=3031500a6f4e87f6
2026-02-17 15:31:02.165 -07:00 [INF] Ingesting file: surface_use_agreement.txt
2026-02-17 15:31:02.170 -07:00 [INF] Ingested document surface_use_agreement.txt: 477 words, text_hash=0d0aa85b77c4dd0e
2026-02-17 15:31:02.170 -07:00 [INF] Ingesting file: title_opinion_v1.txt
2026-02-17 15:31:02.177 -07:00 [INF] Ingested document title_opinion_v1.txt: 699 words, text_hash=e6e7a70c5586bc06
2026-02-17 15:31:02.177 -07:00 [INF] Ingesting file: title_opinion_v2_copy.txt
2026-02-17 15:31:02.181 -07:00 [INF] Ingested document title_opinion_v2_copy.txt: 749 words, text_hash=d0818bdfce20b26d
2026-02-17 15:31:02.181 -07:00 [INF] Ingesting file: title_opinion_v2_rotated.txt
2026-02-17 15:31:02.189 -07:00 [INF] Ingested document title_opinion_v2_rotated.txt: 759 words, text_hash=709fff7e6656ec77
2026-02-17 15:31:02.189 -07:00 [INF] Ingesting file: title_opinion_v2.txt
2026-02-17 15:31:02.193 -07:00 [INF] Ingested document title_opinion_v2.txt: 749 words, text_hash=d0818bdfce20b26d
2026-02-17 15:31:02.193 -07:00 [INF] Ingesting file: title_set5_redacted_1.txt
2026-02-17 15:31:02.204 -07:00 [INF] Ingested document title_set5_redacted_1.txt: 912 words, text_hash=aa1db1286f3e85ef
2026-02-17 15:31:02.204 -07:00 [INF] Ingesting file: title_set5_redacted_2.txt
2026-02-17 15:31:02.212 -07:00 [INF] Ingested document title_set5_redacted_2.txt: 909 words, text_hash=4c1ecc3a1bc557f9
2026-02-17 15:31:02.212 -07:00 [INF] Ingesting file: title_set5_redacted_3.txt
2026-02-17 15:31:02.217 -07:00 [INF] Ingested document title_set5_redacted_3.txt: 916 words, text_hash=1b745c2d7595fa9b
2026-02-17 15:31:02.217 -07:00 [INF] Ingesting file: well_completion_report_alpha.txt
2026-02-17 15:31:02.223 -07:00 [INF] Ingested document well_completion_report_alpha.txt: 270 words, text_hash=408b6dfc87166bf0
2026-02-17 15:31:02.223 -07:00 [INF] Ingesting file: well_completion_report_bravo.txt
2026-02-17 15:31:02.227 -07:00 [INF] Ingested document well_completion_report_bravo.txt: 270 words, text_hash=82bfe7203e867938
2026-02-17 15:31:02.227 -07:00 [INF] Ingesting file: well_completion_report_unique.txt
2026-02-17 15:31:02.232 -07:00 [INF] Ingested document well_completion_report_unique.txt: 645 words, text_hash=5f74b828d872620a
2026-02-17 15:31:02.243 -07:00 [INF] HTTP POST /api/documents/load-samples responded 200 in 494.0513 ms
2026-02-17 15:31:02.281 -07:00 [INF] Starting full grouping of all documents
2026-02-17 15:31:02.415 -07:00 [INF] Grouping 58 documents
2026-02-17 15:31:02.489 -07:00 [INF] Phase 1 (text hash): 4 groups created
2026-02-17 15:31:02.512 -07:00 [INF] Phase 2 (fuzzy hash): 5 groups created
2026-02-17 15:31:02.789 -07:00 [INF] Phase 3 (similarity): 2 groups created
2026-02-17 15:31:02.946 -07:00 [INF] Phase 4 (singletons): 33 groups created
2026-02-17 15:31:02.946 -07:00 [INF] Grouping complete: 44 groups from 58 documents
2026-02-17 15:31:03.023 -07:00 [INF] HTTP POST /api/documents/process responded 200 in 748.6652 ms
2026-02-17 15:31:03.104 -07:00 [INF] HTTP GET /api/groups responded 200 in 53.9282 ms
2026-02-17 15:31:03.141 -07:00 [INF] HTTP GET /api/groups/statistics responded 200 in 10.1888 ms
2026-02-17 16:11:45.903 -07:00 [INF] DocGrouping starting on 
2026-02-17 16:11:46.025 -07:00 [INF] Now listening on: http://localhost:5053
2026-02-17 16:11:46.027 -07:00 [INF] Application started. Press Ctrl+C to shut down.
2026-02-17 16:11:46.027 -07:00 [INF] Hosting environment: Development
2026-02-17 16:11:46.027 -07:00 [INF] Content root path: C:\Temp\DocGrouping\src\DocGrouping.Web
2026-02-17 16:11:58.263 -07:00 [INF] HTTP GET / responded 200 in 230.3367 ms
2026-02-17 16:11:58.283 -07:00 [INF] HTTP GET /app.grncovgcru.css responded 200 in 8.0898 ms
2026-02-17 16:11:58.283 -07:00 [INF] HTTP GET /DocGrouping.Web.4954xadhmq.styles.css responded 200 in 8.1211 ms
2026-02-17 16:11:58.290 -07:00 [INF] HTTP GET /lib/bootstrap/dist/css/bootstrap.min.46ein0sx1k.css responded 200 in 14.8899 ms
2026-02-17 16:11:58.291 -07:00 [INF] HTTP GET /Components/Layout/ReconnectModal.abdmv1u4y3.razor.js responded 200 in 15.5100 ms
2026-02-17 16:11:58.292 -07:00 [INF] HTTP GET /_framework/blazor.web.ax6tuj8tun.js responded 200 in 15.9424 ms
2026-02-17 16:11:58.325 -07:00 [INF] HTTP GET /_blazor/initializers responded 200 in 1.5630 ms
2026-02-17 16:11:58.361 -07:00 [INF] HTTP POST /_blazor/negotiate responded 200 in 3.7290 ms
2026-02-17 16:11:58.367 -07:00 [INF] HTTP GET /favicon.png responded 200 in 9.7445 ms
2026-02-17 16:11:58.484 -07:00 [INF] HTTP GET /js/filedrop.stcfk9ilac.js responded 200 in 0.4073 ms
2026-02-17 16:14:51.086 -07:00 [INF] DocGrouping starting on 
2026-02-17 16:14:51.181 -07:00 [INF] Now listening on: http://localhost:5053
2026-02-17 16:14:51.183 -07:00 [INF] Application started. Press Ctrl+C to shut down.
2026-02-17 16:14:51.183 -07:00 [INF] Hosting environment: Development
2026-02-17 16:14:51.183 -07:00 [INF] Content root path: C:\Temp\DocGrouping\src\DocGrouping.Web
2026-02-17 16:14:55.765 -07:00 [INF] HTTP POST /_blazor/negotiate responded 200 in 4.3605 ms
2026-02-17 16:14:55.989 -07:00 [INF] HTTP GET / responded 200 in 191.7629 ms
2026-02-17 16:14:55.998 -07:00 [INF] HTTP GET /_blazor responded 101 in 228.4637 ms
2026-02-17 16:14:56.001 -07:00 [INF] HTTP POST /_blazor/disconnect responded 200 in 5.7722 ms
2026-02-17 16:14:56.003 -07:00 [INF] HTTP GET /_framework/blazor.web.ax6tuj8tun.js responded 304 in 0.1357 ms
2026-02-17 16:14:56.007 -07:00 [INF] HTTP GET /DocGrouping.Web.4954xadhmq.styles.css responded 200 in 4.9800 ms
2026-02-17 16:14:56.007 -07:00 [INF] HTTP GET /Components/Layout/ReconnectModal.abdmv1u4y3.razor.js responded 200 in 4.8819 ms
2026-02-17 16:14:56.007 -07:00 [INF] HTTP GET /app.grncovgcru.css responded 200 in 5.9486 ms
2026-02-17 16:14:56.008 -07:00 [INF] HTTP GET /lib/bootstrap/dist/css/bootstrap.min.46ein0sx1k.css responded 200 in 7.9056 ms
2026-02-17 16:14:56.019 -07:00 [INF] HTTP GET /_blazor/initializers responded 200 in 1.5116 ms
2026-02-17 16:14:56.029 -07:00 [INF] HTTP POST /_blazor/negotiate responded 200 in 0.2763 ms
2026-02-17 16:14:56.029 -07:00 [INF] HTTP GET /favicon.png responded 304 in 0.1843 ms
2026-02-17 16:14:56.127 -07:00 [INF] HTTP GET /js/filedrop.uavfp316c9.js responded 200 in 0.4558 ms
2026-02-17 16:14:58.953 -07:00 [INF] HTTP GET /results responded 200 in 188.7482 ms
2026-02-17 16:15:15.411 -07:00 [INF] HTTP GET /comparison/1 responded 200 in 40.6972 ms
2026-02-17 16:15:15.443 -07:00 [INF] HTTP GET /js/scrollsync.u8py5itwhx.js responded 200 in 0.5020 ms
2026-02-17 16:15:21.263 -07:00 [INF] HTTP GET /results responded 200 in 20.3784 ms
2026-02-17 16:15:27.473 -07:00 [INF] HTTP GET /comparison/10 responded 200 in 4.0618 ms
2026-02-17 16:17:02.093 -07:00 [INF] HTTP GET /results responded 200 in 12.8462 ms
2026-02-17 16:20:32.722 -07:00 [INF] DocGrouping starting on 
2026-02-17 16:20:32.815 -07:00 [INF] Now listening on: http://localhost:5053
2026-02-17 16:20:32.816 -07:00 [INF] Application started. Press Ctrl+C to shut down.
2026-02-17 16:20:32.817 -07:00 [INF] Hosting environment: Development
2026-02-17 16:20:32.817 -07:00 [INF] Content root path: C:\Temp\DocGrouping\src\DocGrouping.Web
2026-02-17 16:20:32.926 -07:00 [INF] HTTP POST /_blazor/negotiate responded 200 in 4.3828 ms
2026-02-17 16:20:33.350 -07:00 [INF] HTTP GET /results responded 200 in 384.6564 ms
2026-02-17 16:20:33.357 -07:00 [INF] HTTP GET /_blazor responded 101 in 425.7616 ms
2026-02-17 16:20:33.360 -07:00 [INF] HTTP POST /_blazor/disconnect responded 200 in 5.5525 ms
2026-02-17 16:20:33.367 -07:00 [INF] HTTP GET /_framework/blazor.web.ax6tuj8tun.js responded 304 in 1.1635 ms
2026-02-17 16:20:33.371 -07:00 [INF] HTTP GET /Components/Layout/ReconnectModal.abdmv1u4y3.razor.js responded 200 in 6.3691 ms
2026-02-17 16:20:33.371 -07:00 [INF] HTTP GET /app.grncovgcru.css responded 200 in 6.5922 ms
2026-02-17 16:20:33.371 -07:00 [INF] HTTP GET /DocGrouping.Web.4954xadhmq.styles.css responded 200 in 6.5891 ms
2026-02-17 16:20:33.371 -07:00 [INF] HTTP GET /lib/bootstrap/dist/css/bootstrap.min.46ein0sx1k.css responded 200 in 7.1700 ms
2026-02-17 16:20:33.385 -07:00 [INF] HTTP GET /_blazor/initializers responded 200 in 1.2461 ms
2026-02-17 16:20:33.415 -07:00 [INF] HTTP POST /_blazor/negotiate responded 200 in 0.2154 ms
2026-02-17 16:20:33.416 -07:00 [INF] HTTP GET /favicon.png responded 304 in 0.1621 ms
2026-02-17 16:22:00.254 -07:00 [INF] HTTP GET / responded 200 in 25.4414 ms
2026-02-17 16:22:00.266 -07:00 [INF] HTTP GET /js/filedrop.uavfp316c9.js responded 200 in 0.5015 ms
2026-02-17 16:22:03.136 -07:00 [INF] HTTP GET /generator responded 200 in 10.9432 ms
2026-02-17 16:22:15.150 -07:00 [INF] Starting full grouping of all documents
2026-02-17 16:22:15.201 -07:00 [INF] Grouping 1058 documents
2026-02-17 16:22:15.229 -07:00 [INF] Phase 1 (text hash): 4 groups created
2026-02-17 16:22:15.534 -07:00 [INF] Phase 2 (fuzzy hash): 62 groups created
2026-02-17 16:22:40.314 -07:00 [INF] Phase 3 (similarity): 20 groups created
2026-02-17 16:22:40.788 -07:00 [INF] Phase 4 (singletons): 110 groups created
2026-02-17 16:22:40.788 -07:00 [INF] Grouping complete: 196 groups from 1058 documents
2026-02-17 16:22:40.866 -07:00 [INF] HTTP GET /results responded 200 in 68.8560 ms
2026-02-17 16:23:02.049 -07:00 [INF] HTTP GET /comparison/68 responded 200 in 32.7222 ms
2026-02-17 16:23:02.083 -07:00 [INF] HTTP GET /js/scrollsync.u8py5itwhx.js responded 200 in 0.5644 ms
2026-02-17 16:38:23.274 -07:00 [INF] HTTP GET /generator responded 200 in 2.3859 ms
2026-02-17 16:40:04.994 -07:00 [INF] Starting full grouping of all documents
2026-02-17 16:40:05.192 -07:00 [INF] Grouping 11058 documents
2026-02-17 16:40:05.380 -07:00 [INF] Phase 1 (text hash): 12 groups created
2026-02-17 16:40:13.865 -07:00 [INF] Phase 2 (fuzzy hash): 550 groups created
2026-02-17 16:46:04.251 -07:00 [INF] DocGrouping starting on 
2026-02-17 16:46:04.360 -07:00 [INF] Now listening on: http://localhost:5053
2026-02-17 16:46:04.362 -07:00 [INF] Application started. Press Ctrl+C to shut down.
2026-02-17 16:46:04.362 -07:00 [INF] Hosting environment: Development
2026-02-17 16:46:04.362 -07:00 [INF] Content root path: C:\Temp\DocGrouping\src\DocGrouping.Web
2026-02-17 16:46:07.861 -07:00 [INF] HTTP POST /_blazor/negotiate responded 200 in 3.8813 ms
2026-02-17 16:46:07.971 -07:00 [INF] HTTP GET /generator responded 200 in 75.8663 ms
2026-02-17 16:46:07.979 -07:00 [INF] HTTP GET /_blazor responded 101 in 110.9714 ms
2026-02-17 16:46:07.980 -07:00 [INF] HTTP POST /_blazor/disconnect responded 200 in 4.6188 ms
2026-02-17 16:46:07.988 -07:00 [INF] HTTP GET /_framework/blazor.web.ax6tuj8tun.js responded 304 in 2.6604 ms
2026-02-17 16:46:07.992 -07:00 [INF] HTTP GET /app.grncovgcru.css responded 200 in 8.3847 ms
2026-02-17 16:46:07.992 -07:00 [INF] HTTP GET /Components/Layout/ReconnectModal.abdmv1u4y3.razor.js responded 200 in 7.5111 ms
2026-02-17 16:46:07.992 -07:00 [INF] HTTP GET /DocGrouping.Web.4954xadhmq.styles.css responded 200 in 8.3328 ms
2026-02-17 16:46:07.993 -07:00 [INF] HTTP GET /lib/bootstrap/dist/css/bootstrap.min.46ein0sx1k.css responded 200 in 8.9850 ms
2026-02-17 16:46:08.013 -07:00 [INF] HTTP GET /_blazor/initializers responded 200 in 1.2291 ms
2026-02-17 16:46:08.044 -07:00 [INF] HTTP POST /_blazor/negotiate responded 200 in 0.1520 ms
2026-02-17 16:46:08.044 -07:00 [INF] HTTP GET /favicon.png responded 304 in 0.1085 ms
2026-02-17 16:47:26.177 -07:00 [INF] Starting full grouping of all documents
2026-02-17 16:47:26.276 -07:00 [INF] Grouping 1000 documents
2026-02-17 16:47:26.277 -07:00 [INF] Phase 1 (text hash): 0 groups created
2026-02-17 16:47:26.635 -07:00 [INF] Phase 2 (fuzzy hash): 62 groups created
2026-02-17 16:47:44.292 -07:00 [INF] Phase 3 (similarity): 11 groups created
2026-02-17 16:47:44.719 -07:00 [INF] Phase 4 (singletons): 75 groups created
2026-02-17 16:47:44.719 -07:00 [INF] Grouping complete: 148 groups from 1000 documents
2026-02-17 16:47:44.951 -07:00 [INF] HTTP GET /results responded 200 in 214.5078 ms
2026-02-17 16:48:14.419 -07:00 [INF] HTTP GET /generator responded 200 in 4.3913 ms
2026-02-17 16:48:22.373 -07:00 [INF] Starting full grouping of all documents
2026-02-17 16:48:22.432 -07:00 [INF] Grouping 2000 documents
2026-02-17 16:48:22.450 -07:00 [INF] Phase 1 (text hash): 2 groups created
2026-02-17 16:48:23.156 -07:00 [INF] Phase 2 (fuzzy hash): 110 groups created
2026-02-17 16:49:32.230 -07:00 [INF] Phase 3 (similarity): 11 groups created
2026-02-17 16:49:32.937 -07:00 [INF] Phase 4 (singletons): 124 groups created
2026-02-17 16:49:32.937 -07:00 [INF] Grouping complete: 247 groups from 2000 documents
2026-02-17 16:49:33.080 -07:00 [INF] HTTP GET /results responded 200 in 134.3974 ms
2026-02-17 16:50:39.889 -07:00 [INF] DocGrouping starting on 
2026-02-17 16:50:39.983 -07:00 [INF] Now listening on: http://localhost:5053
2026-02-17 16:50:39.985 -07:00 [INF] Application started. Press Ctrl+C to shut down.
2026-02-17 16:50:39.985 -07:00 [INF] Hosting environment: Development
2026-02-17 16:50:39.985 -07:00 [INF] Content root path: C:\Temp\DocGrouping\src\DocGrouping.Web
2026-02-17 16:50:40.057 -07:00 [INF] HTTP POST /_blazor/negotiate responded 200 in 3.9416 ms
2026-02-17 16:50:40.572 -07:00 [INF] HTTP GET /results responded 200 in 481.1323 ms
2026-02-17 16:50:40.573 -07:00 [INF] HTTP GET /_blazor responded 101 in 508.8898 ms
2026-02-17 16:50:40.575 -07:00 [INF] HTTP POST /_blazor/disconnect responded 200 in 5.5799 ms
2026-02-17 16:50:40.579 -07:00 [INF] HTTP GET /_framework/blazor.web.ax6tuj8tun.js responded 304 in 1.3055 ms
2026-02-17 16:50:40.584 -07:00 [INF] HTTP GET /DocGrouping.Web.4954xadhmq.styles.css responded 200 in 6.2561 ms
2026-02-17 16:50:40.584 -07:00 [INF] HTTP GET /Components/Layout/ReconnectModal.abdmv1u4y3.razor.js responded 200 in 5.9154 ms
2026-02-17 16:50:40.584 -07:00 [INF] HTTP GET /app.grncovgcru.css responded 200 in 6.2564 ms
2026-02-17 16:50:40.585 -07:00 [INF] HTTP GET /lib/bootstrap/dist/css/bootstrap.min.46ein0sx1k.css responded 200 in 7.5826 ms
2026-02-17 16:50:40.609 -07:00 [INF] HTTP GET /_blazor/initializers responded 200 in 1.3062 ms
2026-02-17 16:50:40.647 -07:00 [INF] HTTP POST /_blazor/negotiate responded 200 in 0.1631 ms
2026-02-17 16:50:40.647 -07:00 [INF] HTTP GET /favicon.png responded 304 in 0.1158 ms
2026-02-17 16:54:56.751 -07:00 [INF] DocGrouping starting on 
2026-02-17 16:54:56.855 -07:00 [INF] Now listening on: http://localhost:5053
2026-02-17 16:54:56.856 -07:00 [INF] Application started. Press Ctrl+C to shut down.
2026-02-17 16:54:56.857 -07:00 [INF] Hosting environment: Development
2026-02-17 16:54:56.857 -07:00 [INF] Content root path: C:\Temp\DocGrouping\src\DocGrouping.Web
2026-02-17 16:55:01.354 -07:00 [INF] HTTP POST /_blazor/negotiate responded 200 in 4.0690 ms
2026-02-17 16:55:01.655 -07:00 [INF] HTTP GET /results responded 200 in 267.4300 ms
2026-02-17 16:55:01.662 -07:00 [INF] HTTP GET /_blazor responded 101 in 303.1793 ms
2026-02-17 16:55:01.664 -07:00 [INF] HTTP POST /_blazor/disconnect responded 200 in 4.9243 ms
2026-02-17 16:55:01.670 -07:00 [INF] HTTP GET /_framework/blazor.web.ax6tuj8tun.js responded 304 in 1.4807 ms
2026-02-17 16:55:01.674 -07:00 [INF] HTTP GET /DocGrouping.Web.4954xadhmq.styles.css responded 200 in 6.2156 ms
2026-02-17 16:55:01.674 -07:00 [INF] HTTP GET /app.grncovgcru.css responded 200 in 6.2157 ms
2026-02-17 16:55:01.674 -07:00 [INF] HTTP GET /Components/Layout/ReconnectModal.abdmv1u4y3.razor.js responded 200 in 6.0586 ms
2026-02-17 16:55:01.675 -07:00 [INF] HTTP GET /lib/bootstrap/dist/css/bootstrap.min.46ein0sx1k.css responded 200 in 6.8293 ms
2026-02-17 16:55:01.684 -07:00 [INF] HTTP GET /_blazor/initializers responded 200 in 1.3368 ms
2026-02-17 16:55:01.697 -07:00 [INF] HTTP POST /_blazor/negotiate responded 200 in 0.1675 ms
2026-02-17 16:55:01.698 -07:00 [INF] HTTP GET /favicon.png responded 304 in 0.1336 ms
2026-02-17 16:55:39.654 -07:00 [INF] HTTP GET /generator responded 200 in 17.7466 ms
2026-02-17 16:55:47.393 -07:00 [INF] Starting full grouping of all documents
2026-02-17 16:55:47.418 -07:00 [INF] Loaded 1000 documents in 0.01s
2026-02-17 16:55:47.419 -07:00 [INF] Phase 1 (text hash): 0 groups, 0 docs grouped in 0.00s
2026-02-17 16:55:47.707 -07:00 [INF] Phase 2 (fuzzy hash): 59 groups in 0.29s
2026-02-17 16:55:47.707 -07:00 [INF] Phase 3: 641 ungrouped docs, 205,120 pairs to compare
2026-02-17 16:56:08.443 -07:00 [INF] Phase 3 (similarity): 13 groups, 205,120 pairs in 20.74s (9,892 pairs/sec)
2026-02-17 16:56:08.950 -07:00 [INF] Phase 4 (singletons): 100 groups in 0.51s
2026-02-17 16:56:08.950 -07:00 [INF] Grouping complete: 172 groups from 1000 documents in 21.56s [P1=0.0s P2=0.3s P3=20.7s(205,120pairs) P4=0.5s]
2026-02-17 16:58:32.277 -07:00 [INF] Starting full grouping of all documents
2026-02-17 16:58:32.425 -07:00 [INF] Loaded 2000 documents in 0.02s
2026-02-17 16:58:32.439 -07:00 [INF] Phase 1 (text hash): 1 groups, 3 docs grouped in 0.01s
2026-02-17 16:58:33.304 -07:00 [INF] Phase 2 (fuzzy hash): 111 groups in 0.86s
2026-02-17 16:58:33.305 -07:00 [INF] Phase 3: 1188 ungrouped docs, 705,078 pairs to compare
2026-02-17 17:00:32.900 -07:00 [INF] Phase 3 (similarity): 20 groups, 705,078 pairs in 119.60s (5,895 pairs/sec)
2026-02-17 17:00:34.468 -07:00 [INF] Phase 4 (singletons): 160 groups in 1.57s
2026-02-17 17:00:34.468 -07:00 [INF] Grouping complete: 292 groups from 2000 documents in 122.19s [P1=0.0s P2=0.9s P3=119.6s(705,078pairs) P4=1.6s]
2026-02-17 17:12:16.563 -07:00 [INF] HTTP GET /generator responded 200 in 5.4355 ms
2026-02-17 17:12:16.569 -07:00 [INF] HTTP GET /_blazor responded 101 in 1034868.0530 ms
2026-02-17 17:12:16.570 -07:00 [INF] HTTP POST /_blazor/disconnect responded 200 in 2.9424 ms
2026-02-17 17:12:16.577 -07:00 [INF] HTTP GET /app.grncovgcru.css responded 200 in 0.4875 ms
2026-02-17 17:12:16.578 -07:00 [INF] HTTP GET /DocGrouping.Web.4954xadhmq.styles.css responded 200 in 0.4034 ms
2026-02-17 17:12:16.579 -07:00 [INF] HTTP GET /Components/Layout/ReconnectModal.abdmv1u4y3.razor.js responded 200 in 0.4324 ms
2026-02-17 17:12:16.580 -07:00 [INF] HTTP GET /_framework/blazor.web.ax6tuj8tun.js responded 304 in 0.1678 ms
2026-02-17 17:12:16.583 -07:00 [INF] HTTP GET /lib/bootstrap/dist/css/bootstrap.min.46ein0sx1k.css responded 200 in 7.3817 ms
2026-02-17 17:12:16.587 -07:00 [INF] HTTP GET /_blazor/initializers responded 200 in 0.2704 ms
2026-02-17 17:12:16.619 -07:00 [INF] HTTP POST /_blazor/negotiate responded 200 in 0.1556 ms
2026-02-17 17:12:16.619 -07:00 [INF] HTTP GET /favicon.png responded 304 in 0.1406 ms
2026-02-17 17:12:19.447 -07:00 [INF] HTTP GET /results responded 200 in 82.9448 ms
2026-02-17 17:12:21.033 -07:00 [INF] HTTP GET /generator responded 200 in 3.1100 ms
2026-02-17 17:12:30.909 -07:00 [INF] Starting full grouping of all documents
2026-02-17 17:12:30.925 -07:00 [INF] Loaded 1000 documents in 0.01s
2026-02-17 17:12:30.931 -07:00 [INF] Phase 1 (text hash): 1 groups, 2 docs grouped in 0.01s
2026-02-17 17:12:31.233 -07:00 [INF] Phase 2 (fuzzy hash): 57 groups in 0.30s
2026-02-17 17:12:31.233 -07:00 [INF] Phase 3: 612 ungrouped docs, 186,966 pairs to compare
2026-02-17 17:13:01.577 -07:00 [INF] Phase 3 (similarity): 14 groups, 186,966 pairs in 30.34s (6,161 pairs/sec)
2026-02-17 17:13:01.919 -07:00 [INF] Phase 4 (singletons): 72 groups in 0.34s
2026-02-17 17:13:01.919 -07:00 [INF] Grouping complete: 144 groups from 1000 documents in 31.01s [P1=0.0s P2=0.3s P3=30.3s(186,966pairs) P4=0.3s]
2026-02-17 17:15:16.635 -07:00 [INF] DocGrouping starting on 
2026-02-17 17:15:16.728 -07:00 [INF] Now listening on: http://localhost:5053
2026-02-17 17:15:16.730 -07:00 [INF] Application started. Press Ctrl+C to shut down.
2026-02-17 17:15:16.731 -07:00 [INF] Hosting environment: Development
2026-02-17 17:15:16.731 -07:00 [INF] Content root path: C:\Temp\DocGrouping\src\DocGrouping.Web
2026-02-17 17:15:16.768 -07:00 [INF] HTTP POST /_blazor/negotiate responded 200 in 4.0226 ms
2026-02-17 17:15:16.872 -07:00 [INF] HTTP GET /generator responded 200 in 73.5455 ms
2026-02-17 17:15:16.880 -07:00 [INF] HTTP GET /_blazor responded 101 in 107.8481 ms
2026-02-17 17:15:16.882 -07:00 [INF] HTTP POST /_blazor/disconnect responded 200 in 4.8592 ms
2026-02-17 17:15:16.887 -07:00 [INF] HTTP GET /_framework/blazor.web.ax6tuj8tun.js responded 304 in 0.2891 ms
2026-02-17 17:15:16.893 -07:00 [INF] HTTP GET /Components/Layout/ReconnectModal.abdmv1u4y3.razor.js responded 200 in 6.7096 ms
2026-02-17 17:15:16.893 -07:00 [INF] HTTP GET /app.grncovgcru.css responded 200 in 8.5498 ms
2026-02-17 17:15:16.893 -07:00 [INF] HTTP GET /DocGrouping.Web.4954xadhmq.styles.css responded 200 in 8.5497 ms
2026-02-17 17:15:16.894 -07:00 [INF] HTTP GET /lib/bootstrap/dist/css/bootstrap.min.46ein0sx1k.css responded 200 in 9.2561 ms
2026-02-17 17:15:16.903 -07:00 [INF] HTTP GET /_blazor/initializers responded 200 in 1.1125 ms
2026-02-17 17:15:16.934 -07:00 [INF] HTTP POST /_blazor/negotiate responded 200 in 0.1378 ms
2026-02-17 17:15:16.935 -07:00 [INF] HTTP GET /favicon.png responded 304 in 0.1124 ms
2026-02-17 17:16:16.393 -07:00 [INF] HTTP GET /generator responded 200 in 17.4958 ms
2026-02-17 17:16:16.400 -07:00 [INF] HTTP GET /_blazor responded 101 in 59462.5247 ms
2026-02-17 17:16:16.400 -07:00 [INF] HTTP POST /_blazor/disconnect responded 200 in 2.8861 ms
2026-02-17 17:16:16.407 -07:00 [INF] HTTP GET /app.grncovgcru.css responded 200 in 0.8788 ms
2026-02-17 17:16:16.408 -07:00 [INF] HTTP GET /DocGrouping.Web.4954xadhmq.styles.css responded 200 in 0.6034 ms
2026-02-17 17:16:16.410 -07:00 [INF] HTTP GET /Components/Layout/ReconnectModal.abdmv1u4y3.razor.js responded 200 in 0.7169 ms
2026-02-17 17:16:16.410 -07:00 [INF] HTTP GET /_framework/blazor.web.ax6tuj8tun.js responded 304 in 0.6402 ms
2026-02-17 17:16:16.413 -07:00 [INF] HTTP GET /lib/bootstrap/dist/css/bootstrap.min.46ein0sx1k.css responded 200 in 6.5509 ms
2026-02-17 17:16:16.419 -07:00 [INF] HTTP GET /_blazor/initializers responded 200 in 0.2506 ms
2026-02-17 17:16:16.431 -07:00 [INF] HTTP POST /_blazor/negotiate responded 200 in 0.1726 ms
2026-02-17 17:16:16.432 -07:00 [INF] HTTP GET /favicon.png responded 304 in 0.1811 ms
2026-02-17 17:16:21.635 -07:00 [INF] HTTP GET /results responded 200 in 355.3348 ms
2026-02-17 17:16:24.779 -07:00 [INF] HTTP GET /generator responded 200 in 1.5574 ms
2026-02-17 17:16:34.505 -07:00 [INF] Starting full grouping of all documents
2026-02-17 17:16:34.563 -07:00 [INF] Loaded 1000 documents in 0.04s
2026-02-17 17:16:34.564 -07:00 [INF] Phase 1 (text hash): 0 groups, 0 docs grouped in 0.00s
2026-02-17 17:16:35.122 -07:00 [INF] Phase 2 (fuzzy hash): 62 groups in 0.56s
2026-02-17 17:16:35.122 -07:00 [INF] Phase 3: 627 ungrouped docs, 196,251 pairs to compare
2026-02-17 17:16:41.827 -07:00 [INF] Phase 3 (similarity): 14 groups, 196,251 pairs in 6.71s (29,269 pairs/sec)
2026-02-17 17:16:42.334 -07:00 [INF] Phase 4 (singletons): 75 groups in 0.51s
2026-02-17 17:16:42.334 -07:00 [INF] Grouping complete: 151 groups from 1000 documents in 7.83s [P1=0.0s P2=0.6s P3=6.7s(196,251pairs) P4=0.5s]
2026-02-17 17:16:59.911 -07:00 [INF] Starting full grouping of all documents
2026-02-17 17:17:00.036 -07:00 [INF] Loaded 2000 documents in 0.02s
2026-02-17 17:17:00.037 -07:00 [INF] Phase 1 (text hash): 0 groups, 0 docs grouped in 0.00s
2026-02-17 17:17:00.876 -07:00 [INF] Phase 2 (fuzzy hash): 116 groups in 0.84s
2026-02-17 17:17:00.877 -07:00 [INF] Phase 3: 1181 ungrouped docs, 696,790 pairs to compare
2026-02-17 17:17:21.063 -07:00 [INF] Phase 3 (similarity): 14 groups, 696,790 pairs in 20.19s (34,517 pairs/sec)
2026-02-17 17:17:22.262 -07:00 [INF] Phase 4 (singletons): 127 groups in 1.20s
2026-02-17 17:17:22.262 -07:00 [INF] Grouping complete: 257 groups from 2000 documents in 22.35s [P1=0.0s P2=0.8s P3=20.2s(696,790pairs) P4=1.2s]
2026-02-17 17:19:17.112 -07:00 [INF] DocGrouping starting on 
2026-02-17 17:19:17.206 -07:00 [INF] Now listening on: http://localhost:5053
2026-02-17 17:19:17.208 -07:00 [INF] Application started. Press Ctrl+C to shut down.
2026-02-17 17:19:17.208 -07:00 [INF] Hosting environment: Development
2026-02-17 17:19:17.208 -07:00 [INF] Content root path: C:\Temp\DocGrouping\src\DocGrouping.Web
2026-02-17 17:19:17.259 -07:00 [INF] HTTP POST /_blazor/negotiate responded 200 in 4.1251 ms
2026-02-17 17:19:17.366 -07:00 [INF] HTTP GET /generator responded 200 in 73.5913 ms
2026-02-17 17:19:17.373 -07:00 [INF] HTTP GET /_blazor responded 101 in 108.7484 ms
2026-02-17 17:19:17.375 -07:00 [INF] HTTP POST /_blazor/disconnect responded 200 in 5.1864 ms
2026-02-17 17:19:17.381 -07:00 [INF] HTTP GET /_framework/blazor.web.ax6tuj8tun.js responded 304 in 0.3232 ms
2026-02-17 17:19:17.387 -07:00 [INF] HTTP GET /Components/Layout/ReconnectModal.abdmv1u4y3.razor.js responded 200 in 7.7076 ms
2026-02-17 17:19:17.387 -07:00 [INF] HTTP GET /DocGrouping.Web.4954xadhmq.styles.css responded 200 in 8.1473 ms
2026-02-17 17:19:17.387 -07:00 [INF] HTTP GET /app.grncovgcru.css responded 200 in 8.1474 ms
2026-02-17 17:19:17.387 -07:00 [INF] HTTP GET /lib/bootstrap/dist/css/bootstrap.min.46ein0sx1k.css responded 200 in 8.8874 ms
2026-02-17 17:19:17.400 -07:00 [INF] HTTP GET /_blazor/initializers responded 200 in 1.2148 ms
2026-02-17 17:19:17.428 -07:00 [INF] HTTP POST /_blazor/negotiate responded 200 in 0.2205 ms
2026-02-17 17:19:17.428 -07:00 [INF] HTTP GET /favicon.png responded 304 in 0.1072 ms
2026-02-17 17:20:16.600 -07:00 [INF] HTTP GET /results responded 200 in 467.8189 ms
2026-02-17 17:20:17.751 -07:00 [INF] HTTP GET /generator responded 200 in 10.0681 ms
2026-02-17 17:20:35.491 -07:00 [INF] Starting full grouping of all documents
2026-02-17 17:20:35.538 -07:00 [INF] Loaded 1000 documents in 0.03s
2026-02-17 17:20:35.626 -07:00 [INF] Phase 1 (text hash): 1 groups, 2 docs grouped in 0.09s
2026-02-17 17:20:36.288 -07:00 [INF] Phase 2 (fuzzy hash): 59 groups in 0.66s
2026-02-17 17:20:36.289 -07:00 [INF] Phase 3: 615 ungrouped docs, 188,805 pairs to compare
2026-02-17 17:20:41.929 -07:00 [INF] Phase 3 (similarity): 13 groups, 188,805 pairs in 5.64s (33,474 pairs/sec)
2026-02-17 17:20:42.441 -07:00 [INF] Phase 4 (singletons): 73 groups in 0.51s
2026-02-17 17:20:42.441 -07:00 [INF] Grouping complete: 146 groups from 1000 documents in 6.95s [P1=0.1s P2=0.7s P3=5.6s(188,805pairs) P4=0.5s]
2026-02-17 17:21:25.407 -07:00 [INF] Starting full grouping of all documents
2026-02-17 17:21:25.506 -07:00 [INF] Loaded 2000 documents in 0.02s
2026-02-17 17:21:25.514 -07:00 [INF] Phase 1 (text hash): 1 groups, 2 docs grouped in 0.01s
2026-02-17 17:21:26.672 -07:00 [INF] Phase 2 (fuzzy hash): 104 groups in 1.16s
2026-02-17 17:21:26.674 -07:00 [INF] Phase 3: 1173 ungrouped docs, 687,378 pairs to compare
2026-02-17 17:21:46.262 -07:00 [INF] Phase 3 (similarity): 16 groups, 687,378 pairs in 19.59s (35,091 pairs/sec)
2026-02-17 17:21:47.773 -07:00 [INF] Phase 4 (singletons): 153 groups in 1.51s
2026-02-17 17:21:47.774 -07:00 [INF] Grouping complete: 274 groups from 2000 documents in 22.37s [P1=0.0s P2=1.2s P3=19.6s(687,378pairs) P4=1.5s]
2026-02-17 17:22:31.987 -07:00 [INF] Starting full grouping of all documents
2026-02-17 17:22:32.182 -07:00 [INF] Loaded 3000 documents in 0.03s
2026-02-17 17:22:32.210 -07:00 [INF] Phase 1 (text hash): 3 groups, 6 docs grouped in 0.03s
2026-02-17 17:22:33.948 -07:00 [INF] Phase 2 (fuzzy hash): 163 groups in 1.74s
2026-02-17 17:22:33.948 -07:00 [INF] Phase 3: 1678 ungrouped docs, 1,407,003 pairs to compare
2026-02-17 17:23:14.174 -07:00 [INF] Phase 3 (similarity): 19 groups, 1,407,003 pairs in 40.23s (34,977 pairs/sec)
2026-02-17 17:23:16.934 -07:00 [INF] Phase 4 (singletons): 206 groups in 2.76s
2026-02-17 17:23:16.935 -07:00 [INF] Grouping complete: 391 groups from 3000 documents in 44.95s [P1=0.0s P2=1.7s P3=40.2s(1,407,003pairs) P4=2.8s]
2026-02-17 17:23:46.663 -07:00 [INF] Starting full grouping of all documents
2026-02-17 17:23:46.916 -07:00 [INF] Loaded 4000 documents in 0.04s
2026-02-17 17:23:46.977 -07:00 [INF] Phase 1 (text hash): 5 groups, 12 docs grouped in 0.06s
2026-02-17 17:23:49.330 -07:00 [INF] Phase 2 (fuzzy hash): 216 groups in 2.35s
2026-02-17 17:23:49.330 -07:00 [INF] Phase 3: 2168 ungrouped docs, 2,349,028 pairs to compare
2026-02-17 17:24:54.595 -07:00 [INF] HTTP POST /_blazor/negotiate responded 200 in 0.1770 ms
2026-02-17 17:24:54.633 -07:00 [INF] HTTP GET /_blazor responded 101 in 337201.0217 ms
2026-02-17 17:24:54.994 -07:00 [INF] Phase 3 (similarity): 20 groups, 2,349,028 pairs in 65.66s (35,774 pairs/sec)
2026-02-17 17:24:59.084 -07:00 [INF] Phase 4 (singletons): 253 groups in 4.09s
2026-02-17 17:24:59.084 -07:00 [INF] Grouping complete: 494 groups from 4000 documents in 72.42s [P1=0.1s P2=2.4s P3=65.7s(2,349,028pairs) P4=4.1s]
