2026-02-18 08:51:55.595 -07:00 [INF] DocGrouping starting on 
2026-02-18 08:51:55.706 -07:00 [INF] Now listening on: http://localhost:5053
2026-02-18 08:51:55.708 -07:00 [INF] Application started. Press Ctrl+C to shut down.
2026-02-18 08:51:55.708 -07:00 [INF] Hosting environment: Development
2026-02-18 08:51:55.708 -07:00 [INF] Content root path: C:\Temp\DocGrouping\src\DocGrouping.Web
2026-02-18 08:52:20.300 -07:00 [INF] HTTP GET /generator responded 200 in 124.6983 ms
2026-02-18 08:52:20.318 -07:00 [INF] HTTP GET /_framework/blazor.web.ax6tuj8tun.js responded 304 in 1.2951 ms
2026-02-18 08:52:20.321 -07:00 [INF] HTTP POST /_blazor/disconnect responded 200 in 10.9026 ms
2026-02-18 08:52:20.325 -07:00 [INF] HTTP GET /DocGrouping.Web.4954xadhmq.styles.css responded 200 in 9.7929 ms
2026-02-18 08:52:20.331 -07:00 [INF] HTTP GET /lib/bootstrap/dist/css/bootstrap.min.46ein0sx1k.css responded 200 in 16.7013 ms
2026-02-18 08:52:20.335 -07:00 [INF] HTTP GET /app.grncovgcru.css responded 200 in 20.3039 ms
2026-02-18 08:52:20.336 -07:00 [INF] HTTP GET /Components/Layout/ReconnectModal.abdmv1u4y3.razor.js responded 200 in 21.1361 ms
2026-02-18 08:52:20.350 -07:00 [INF] HTTP GET /_blazor/initializers responded 200 in 1.8578 ms
2026-02-18 08:52:20.378 -07:00 [INF] HTTP GET /favicon.png responded 304 in 0.1974 ms
2026-02-18 08:52:20.381 -07:00 [INF] HTTP POST /_blazor/negotiate responded 200 in 4.0992 ms
2026-02-18 08:52:23.703 -07:00 [INF] HTTP GET /results responded 200 in 1623.7039 ms
2026-02-18 08:52:53.664 -07:00 [INF] HTTP GET /results responded 200 in 8.8811 ms
2026-02-18 08:52:53.672 -07:00 [INF] HTTP POST /_blazor/disconnect responded 200 in 3.9551 ms
2026-02-18 08:52:53.674 -07:00 [INF] HTTP GET /_blazor responded 101 in 33290.0106 ms
2026-02-18 08:52:53.681 -07:00 [INF] HTTP GET /app.grncovgcru.css responded 200 in 0.5567 ms
2026-02-18 08:52:53.681 -07:00 [INF] HTTP GET /DocGrouping.Web.4954xadhmq.styles.css responded 200 in 0.6284 ms
2026-02-18 08:52:53.682 -07:00 [INF] HTTP GET /Components/Layout/ReconnectModal.abdmv1u4y3.razor.js responded 200 in 0.7771 ms
2026-02-18 08:52:53.683 -07:00 [INF] HTTP GET /lib/bootstrap/dist/css/bootstrap.min.46ein0sx1k.css responded 200 in 4.4850 ms
2026-02-18 08:52:53.683 -07:00 [INF] HTTP GET /_framework/blazor.web.ax6tuj8tun.js responded 304 in 0.1681 ms
2026-02-18 08:52:53.692 -07:00 [INF] HTTP GET /_blazor/initializers responded 200 in 0.3149 ms
2026-02-18 08:52:53.705 -07:00 [INF] HTTP POST /_blazor/negotiate responded 200 in 0.3334 ms
2026-02-18 08:52:53.706 -07:00 [INF] HTTP GET /favicon.png responded 304 in 0.1826 ms
2026-02-18 08:52:55.515 -07:00 [INF] HTTP GET /generator responded 200 in 2.5914 ms
2026-02-18 08:53:05.575 -07:00 [INF] Starting full grouping of all documents
2026-02-18 08:53:05.607 -07:00 [INF] Loaded 1000 documents in 0.01s
2026-02-18 08:53:05.664 -07:00 [INF] Phase 1 (text hash): 1 groups, 2 docs grouped in 0.06s
2026-02-18 08:53:05.927 -07:00 [INF] Phase 2 (fuzzy hash): 52 groups in 0.26s
2026-02-18 08:53:05.927 -07:00 [INF] Phase 3: 639 ungrouped docs, 203,841 pairs to compare
2026-02-18 08:53:11.390 -07:00 [INF] Phase 3 (similarity): 14 groups, 203,841 pairs in 5.46s (37,315 pairs/sec)
2026-02-18 08:53:11.899 -07:00 [INF] Phase 4 (singletons): 92 groups in 0.51s
2026-02-18 08:53:11.899 -07:00 [INF] Grouping complete: 159 groups from 1000 documents in 6.32s [P1=0.1s P2=0.3s P3=5.5s(203,841pairs) P4=0.5s]
2026-02-18 08:53:29.138 -07:00 [INF] HTTP GET /results responded 200 in 88.1381 ms
2026-02-18 08:53:52.951 -07:00 [INF] HTTP GET /comparison/2 responded 200 in 52.7035 ms
2026-02-18 08:53:52.992 -07:00 [INF] HTTP GET /js/scrollsync.u8py5itwhx.js responded 200 in 13.7849 ms
2026-02-18 08:54:24.019 -07:00 [INF] HTTP GET /generator responded 200 in 1.1359 ms
2026-02-18 08:54:33.613 -07:00 [INF] Starting full grouping of all documents
2026-02-18 08:54:33.735 -07:00 [INF] Loaded 2000 documents in 0.02s
2026-02-18 08:54:33.741 -07:00 [INF] Phase 1 (text hash): 1 groups, 2 docs grouped in 0.01s
2026-02-18 08:54:34.390 -07:00 [INF] Phase 2 (fuzzy hash): 109 groups in 0.65s
2026-02-18 08:54:34.390 -07:00 [INF] Phase 3: 1187 ungrouped docs, 703,891 pairs to compare
2026-02-18 08:54:52.605 -07:00 [INF] Phase 3 (similarity): 17 groups, 703,891 pairs in 18.21s (38,643 pairs/sec)
2026-02-18 08:54:54.108 -07:00 [INF] Phase 4 (singletons): 154 groups in 1.50s
2026-02-18 08:54:54.108 -07:00 [INF] Grouping complete: 281 groups from 2000 documents in 20.49s [P1=0.0s P2=0.6s P3=18.2s(703,891pairs) P4=1.5s]
2026-02-18 08:56:27.855 -07:00 [INF] Starting full grouping of all documents
2026-02-18 08:56:28.043 -07:00 [INF] Loaded 3000 documents in 0.03s
2026-02-18 08:56:28.070 -07:00 [INF] Phase 1 (text hash): 3 groups, 7 docs grouped in 0.03s
2026-02-18 08:56:29.431 -07:00 [INF] Phase 2 (fuzzy hash): 163 groups in 1.36s
2026-02-18 08:56:29.432 -07:00 [INF] Phase 3: 1713 ungrouped docs, 1,466,328 pairs to compare
2026-02-18 08:56:47.280 -07:00 [INF] Phase 3 (similarity): 23 groups, 1,466,328 pairs in 17.85s (82,154 pairs/sec)
2026-02-18 08:56:48.820 -07:00 [INF] Phase 4 (singletons): 208 groups in 1.54s
2026-02-18 08:56:48.820 -07:00 [INF] Grouping complete: 397 groups from 3000 documents in 20.96s [P1=0.0s P2=1.4s P3=17.8s(1,466,328pairs) P4=1.5s]
2026-02-18 08:58:32.995 -07:00 [INF] Starting full grouping of all documents
2026-02-18 08:58:33.264 -07:00 [INF] Loaded 4000 documents in 0.04s
2026-02-18 08:58:33.313 -07:00 [INF] Phase 1 (text hash): 4 groups, 9 docs grouped in 0.05s
2026-02-18 08:58:35.878 -07:00 [INF] Phase 2 (fuzzy hash): 208 groups in 2.56s
2026-02-18 08:58:35.879 -07:00 [INF] Phase 3: 2239 ungrouped docs, 2,505,441 pairs to compare
2026-02-18 08:59:42.393 -07:00 [INF] HTTP POST /_blazor/negotiate responded 200 in 0.1431 ms
2026-02-18 08:59:42.420 -07:00 [INF] HTTP GET /_blazor responded 101 in 408710.4178 ms
2026-02-18 08:59:42.774 -07:00 [INF] Phase 3 (similarity): 21 groups, 2,505,441 pairs in 66.89s (37,454 pairs/sec)
2026-02-18 08:59:46.713 -07:00 [INF] Phase 4 (singletons): 271 groups in 3.94s
2026-02-18 08:59:46.713 -07:00 [INF] Grouping complete: 504 groups from 4000 documents in 73.72s [P1=0.0s P2=2.6s P3=66.9s(2,505,441pairs) P4=3.9s]
2026-02-18 09:00:24.974 -07:00 [INF] Starting full grouping of all documents
2026-02-18 09:00:25.246 -07:00 [INF] Loaded 5000 documents in 0.04s
2026-02-18 09:00:25.331 -07:00 [INF] Phase 1 (text hash): 6 groups, 13 docs grouped in 0.08s
2026-02-18 09:00:29.053 -07:00 [INF] Phase 2 (fuzzy hash): 252 groups in 3.72s
2026-02-18 09:00:29.053 -07:00 [INF] Phase 3: 2764 ungrouped docs, 3,818,466 pairs to compare
2026-02-18 09:02:01.808 -07:00 [INF] HTTP POST /_blazor/negotiate responded 200 in 0.1465 ms
2026-02-18 09:02:08.255 -07:00 [INF] HTTP GET /_blazor responded 101 in 145858.8780 ms
2026-02-18 09:02:08.998 -07:00 [INF] Phase 3 (similarity): 22 groups, 3,818,466 pairs in 99.95s (38,206 pairs/sec)
2026-02-18 09:02:14.545 -07:00 [INF] Phase 4 (singletons): 324 groups in 5.55s
2026-02-18 09:02:14.545 -07:00 [INF] Grouping complete: 604 groups from 5000 documents in 109.57s [P1=0.1s P2=3.7s P3=99.9s(3,818,466pairs) P4=5.5s]
2026-02-18 09:08:10.980 -07:00 [INF] Starting full grouping of all documents
2026-02-18 09:08:11.568 -07:00 [INF] Loaded 15000 documents in 0.24s
2026-02-18 09:08:11.947 -07:00 [INF] Phase 1 (text hash): 13 groups, 38 docs grouped in 0.38s
2026-02-18 09:08:46.433 -07:00 [INF] Phase 2 (fuzzy hash): 704 groups in 34.49s
2026-02-18 09:08:46.435 -07:00 [INF] Phase 3: 7375 ungrouped docs, 27,191,625 pairs to compare
2026-02-18 09:10:19.087 -07:00 [INF] HTTP POST /_blazor/negotiate responded 200 in 0.2202 ms
2026-02-18 09:12:48.120 -07:00 [INF] HTTP POST /_blazor/negotiate responded 200 in 0.1356 ms
2026-02-18 09:12:48.528 -07:00 [INF] HTTP POST /_blazor/negotiate responded 200 in 0.1155 ms
2026-02-18 09:12:48.528 -07:00 [INF] HTTP GET /_blazor responded 101 in 148655.9515 ms
2026-02-18 09:13:19.588 -07:00 [INF] HTTP GET /_blazor responded 101 in 30925.3651 ms
2026-02-18 09:13:19.588 -07:00 [INF] HTTP POST /_blazor/negotiate responded 200 in 0.1496 ms
